Generated at 2016-02-20 18:34:13 -0500
Net::HTTPServerException: 412 "Precondition Failed"
/opt/chefdk/embedded/lib/ruby/2.1.0/net/http/response.rb:119:in `error!'
/opt/chefdk/embedded/lib/ruby/gems/2.1.0/gems/chef-12.7.2/lib/chef/http.rb:145:in `request'
/opt/chefdk/embedded/lib/ruby/gems/2.1.0/gems/chef-12.7.2/lib/chef/http.rb:126:in `post'
/opt/chefdk/embedded/lib/ruby/gems/2.1.0/gems/chef-12.7.2/lib/chef/policy_builder/expand_node_object.rb:200:in `sync_cookbooks'
/opt/chefdk/embedded/lib/ruby/gems/2.1.0/gems/chef-12.7.2/lib/chef/policy_builder/expand_node_object.rb:81:in `setup_run_context'
/opt/chefdk/embedded/lib/ruby/gems/2.1.0/gems/chef-12.7.2/lib/chef/client.rb:509:in `setup_run_context'
/opt/chefdk/embedded/lib/ruby/gems/2.1.0/gems/chef-12.7.2/lib/chef/client.rb:277:in `run'
/opt/chefdk/embedded/lib/ruby/gems/2.1.0/gems/chef-12.7.2/lib/chef/application.rb:270:in `block in fork_chef_client'
/opt/chefdk/embedded/lib/ruby/gems/2.1.0/gems/chef-12.7.2/lib/chef/application.rb:258:in `fork'
/opt/chefdk/embedded/lib/ruby/gems/2.1.0/gems/chef-12.7.2/lib/chef/application.rb:258:in `fork_chef_client'
/opt/chefdk/embedded/lib/ruby/gems/2.1.0/gems/chef-12.7.2/lib/chef/application.rb:223:in `block in run_chef_client'
/opt/chefdk/embedded/lib/ruby/gems/2.1.0/gems/chef-12.7.2/lib/chef/local_mode.rb:44:in `with_server_connectivity'
/opt/chefdk/embedded/lib/ruby/gems/2.1.0/gems/chef-12.7.2/lib/chef/application.rb:211:in `run_chef_client'
/opt/chefdk/embedded/lib/ruby/gems/2.1.0/gems/chef-12.7.2/lib/chef/application/client.rb:433:in `block in interval_run_chef_client'
/opt/chefdk/embedded/lib/ruby/gems/2.1.0/gems/chef-12.7.2/lib/chef/application/client.rb:423:in `loop'
/opt/chefdk/embedded/lib/ruby/gems/2.1.0/gems/chef-12.7.2/lib/chef/application/client.rb:423:in `interval_run_chef_client'
/opt/chefdk/embedded/lib/ruby/gems/2.1.0/gems/chef-12.7.2/lib/chef/application/client.rb:412:in `run_application'
/opt/chefdk/embedded/lib/ruby/gems/2.1.0/gems/chef-12.7.2/lib/chef/application.rb:58:in `run'
/opt/chefdk/embedded/lib/ruby/gems/2.1.0/gems/chef-12.7.2/bin/chef-client:26:in `<top (required)>'
/bin/chef-client:50:in `load'
/bin/chef-client:50:in `<main>'